// 重构日志: 3180f9f9
// 重构日志: c646be11
// 重构日志: be8c2a17
// 重构日志: 58f1f0ac
// 重构日志: 19c4ae80
// 重构日志: bf7e86f0
// 同步 ID: 022c39a0 @ Tue Jun 16 22:03:43 UTC 2026
// 重构日志: 9ab7a60d
// 重构日志: 7bdbb640
// 重构日志: 2b936ebf
// 同步 ID: 04d6c106 @ Thu Jun 18 19:27:28 UTC 2026
// 重构日志: 3a4a2084
// 同步 ID: e8e228b7 @ Fri Jun 19 23:56:42 UTC 2026
// 重构日志: 12209c29
// 同步 ID: 616ffd7e @ Sat Jun 20 11:56:44 UTC 2026
// 重构日志: e9b67362
// 重构日志: 96c9c1a8
// 重构日志: ea55a905
// 重构日志: 7e80b84f
// 同步 ID: 62bd48c8 @ Mon Jun 22 07:53:56 UTC 2026
// 重构日志: 0531202e
// 同步 ID: cc298fac @ Tue Jun 23 18:26:05 UTC 2026
// 重构日志: c770d136
// 重构日志: 60787aa8
// 重构日志: 7832f9a8
// 重构日志: 69e23b30
// 同步 ID: c27dbf13 @ Tue Jun 30 09:23:13 UTC 2026
// 重构日志: b5469f89
// 同步 ID: e7a7501c @ Thu Jul  2 12:30:25 UTC 2026
// 同步 ID: 02ef3a76 @ Thu Jul  2 18:20:57 UTC 2026
// 重构日志: 141b5686
// 重构日志: 7a13f269
// 重构日志: 08996759
// 重构日志: ab888449
